<?xml version="1.0" encoding="UTF-8"?>
<!-- Generated by org.testng.reporters.JUnitReportReporter -->
<testsuite hostname="MyPC300594" failures="0" tests="1" name="com.qa.mkmytrp.test.LoginPageTest" time="29.859" errors="0" timestamp="2022-10-06T19:12:28 IST" skipped="0">
  <testcase classname="com.qa.mkmytrp.test.LoginPageTest" name="testData" time="29.859"/>
  <system-out/>
</testsuite> <!-- com.qa.mkmytrp.test.LoginPageTest -->
