<?xml version="1.0" encoding="UTF-8"?>
<!-- Generated by org.testng.reporters.JUnitReportReporter -->
<testsuite hostname="MyPC300594" failures="0" tests="2" name="com.qa.mkmytrp.test.SearchPageTest" time="67.109" errors="0" timestamp="2022-10-07T13:18:49 IST" skipped="0">
  <testcase classname="com.qa.mkmytrp.test.SearchPageTest" name="filghInformation" time="29.850"/>
  <system-out/>
  <testcase classname="com.qa.mkmytrp.test.SearchPageTest" name="flightPriceInfo" time="37.259"/>
  <system-out/>
</testsuite> <!-- com.qa.mkmytrp.test.SearchPageTest -->
