<?xml version="1.0" encoding="UTF-8"?>
<!-- Generated by org.testng.reporters.JUnitReportReporter -->
<testsuite hostname="MyPC300594" failures="0" tests="1" name="com.qa.mkmytrp.test.HomePageTest" time="36.239" errors="0" timestamp="2022-10-07T12:54:52 IST" skipped="0">
  <testcase classname="com.qa.mkmytrp.test.HomePageTest" name="homepagetestmethod" time="36.239"/>
  <system-out/>
</testsuite> <!-- com.qa.mkmytrp.test.HomePageTest -->
